2012/04/19 15:15:43 [info] [tamaprocessincominginvoicefile] Processing file /Volumes/Macintosh HD/Users/jorgemariani/Documents/Office Projects/Tama/samples/prod/201202201010.xml
2012/04/19 15:15:43 [error] [tamaprocessincominginvoicefile] [201202201010.xml][LIBXML][1824] Element 'invoice', attribute 'discount': '' is not a valid value of the atomic type 'xs:decimal'.

2012/04/19 15:16:25 [info] [tamaprocessincominginvoicefile] Processing file /Volumes/Macintosh HD/Users/jorgemariani/Documents/Office Projects/Tama/samples/prod/201202201010.xml
2012/04/19 15:16:25 [error] [tamaprocessincominginvoicefile] [201202201010.xml][LIBXML][1824] Element 'invoice', attribute 'discount': '' is not a valid value of the atomic type 'xs:decimal'.

2012/04/19 15:19:23 [info] [tamaprocessincominginvoicefile] Processing file /Volumes/Macintosh HD/Users/jorgemariani/Documents/Office Projects/Tama/samples/prod/201202201010.xml
2012/04/19 16:47:50 [info] [tamaprocessincominginvoicefile] Processing file /Volumes/Macintosh HD/Users/jorgemariani/Documents/Office Projects/Tama/samples/prod/201202201010.xml
2012/04/19 16:49:50 [info] [tamaprocessincominginvoicefile] Processing file /Volumes/Macintosh HD/Users/jorgemariani/Documents/Office Projects/Tama/samples/prod/201202201010.xml
2012/04/19 16:49:50 [error] [tamaprocessincominginvoicefile] [201202201010.xml][LIBXML][1824] Element 'invoice', attribute 'shipDateActual': '' is not a valid value of the atomic type 'xs:dateTime'.

2012/04/19 16:51:52 [info] [tamaprocessincominginvoicefile] Processing file /Volumes/Macintosh HD/Users/jorgemariani/Documents/Office Projects/Tama/samples/prod/201202201010.xml
2012/04/19 16:53:45 [info] [tamaprocessincominginvoicefile] Processing file /Volumes/Macintosh HD/Users/jorgemariani/Documents/Office Projects/Tama/samples/prod/201202201010.xml
2012/04/19 16:53:45 [error] [tamaprocessincominginvoicefile] [201202201010.xml][LIBXML][1871] Element 'customer': This element is not expected. Expected is ( vendor ).

2012/04/19 16:54:42 [info] [tamaprocessincominginvoicefile] Processing file /Volumes/Macintosh HD/Users/jorgemariani/Documents/Office Projects/Tama/samples/prod/201202201010.xml
2012/04/19 16:54:42 [error] [tamaprocessincominginvoicefile] [201202201010.xml][LIBXML][1831] Element 'vendor', attribute 'rfc': [facet 'minLength'] The value 'TME1109123E' has a length of '11'; this underruns the allowed minimum length of '12'.

2012/04/19 16:54:42 [error] [tamaprocessincominginvoicefile] [201202201010.xml][LIBXML][1824] Element 'vendor', attribute 'rfc': 'TME1109123E' is not a valid value of the local atomic type.

2012/04/19 16:54:54 [info] [tamaprocessincominginvoicefile] Processing file /Volumes/Macintosh HD/Users/jorgemariani/Documents/Office Projects/Tama/samples/prod/201202201010.xml
2012/04/19 16:55:06 [info] [tamaprocessincominginvoicefile] Processing file /Volumes/Macintosh HD/Users/jorgemariani/Documents/Office Projects/Tama/samples/prod/201202201010.xml
2012/04/19 16:55:17 [info] [tamaprocessincominginvoicefile] Processing file /Volumes/Macintosh HD/Users/jorgemariani/Documents/Office Projects/Tama/samples/prod/201202201010.xml
2012/04/19 16:55:17 [error] [tamaprocessincominginvoicefile] [201202201010.xml][LIBXML][1832] Element 'vendor', attribute 'rfc': [facet 'maxLength'] The value 'TME1109123E9XX' has a length of '14'; this exceeds the allowed maximum length of '13'.

2012/04/19 16:55:17 [error] [tamaprocessincominginvoicefile] [201202201010.xml][LIBXML][1824] Element 'vendor', attribute 'rfc': 'TME1109123E9XX' is not a valid value of the local atomic type.

2012/04/19 16:58:42 [info] [tamaprocessincominginvoicefile] Processing file /Volumes/Macintosh HD/Users/jorgemariani/Documents/Office Projects/Tama/samples/prod/201202201010.xml
2012/04/19 16:58:48 [info] [tamaprocessincominginvoicefile] Processing file /Volumes/Macintosh HD/Users/jorgemariani/Documents/Office Projects/Tama/samples/prod/201202201010.xml
2012/04/19 16:59:09 [info] [tamaprocessincominginvoicefile] Processing file /Volumes/Macintosh HD/Users/jorgemariani/Documents/Office Projects/Tama/samples/prod/201202201010.xml
2012/04/19 16:59:09 [error] [tamaprocessincominginvoicefile] [201202201010.xml][LIBXML][1831] Element 'fiscalAddress', attribute 'zipCode': [facet 'minLength'] The value '8406' has a length of '4'; this underruns the allowed minimum length of '5'.

2012/04/19 16:59:09 [error] [tamaprocessincominginvoicefile] [201202201010.xml][LIBXML][1824] Element 'fiscalAddress', attribute 'zipCode': '8406' is not a valid value of the local atomic type.

2012/04/19 16:59:50 [info] [tamaprocessincominginvoicefile] Processing file /Volumes/Macintosh HD/Users/jorgemariani/Documents/Office Projects/Tama/samples/prod/201202201010.xml
2012/04/19 17:00:06 [info] [tamaprocessincominginvoicefile] Processing file /Volumes/Macintosh HD/Users/jorgemariani/Documents/Office Projects/Tama/samples/prod/201202201010.xml
2012/04/19 17:00:06 [error] [tamaprocessincominginvoicefile] [201202201010.xml][LIBXML][1830] Element 'fiscalAddress', attribute 'zipCode': [facet 'length'] The value '8406' has a length of '4'; this differs from the allowed length of '5'.

2012/04/19 17:00:06 [error] [tamaprocessincominginvoicefile] [201202201010.xml][LIBXML][1824] Element 'fiscalAddress', attribute 'zipCode': '8406' is not a valid value of the local atomic type.

2012/04/19 17:03:31 [info] [tamaprocessincominginvoicefile] Processing file /Volumes/Macintosh HD/Users/jorgemariani/Documents/Office Projects/Tama/samples/prod/201202201010.xml
2012/04/19 17:03:48 [info] [tamaprocessincominginvoicefile] Processing file /Volumes/Macintosh HD/Users/jorgemariani/Documents/Office Projects/Tama/samples/prod/201202201010.xml
2012/04/19 17:07:44 [info] [tamaprocessincominginvoicefile] Processing file /Volumes/Macintosh HD/Users/jorgemariani/Documents/Office Projects/Tama/samples/prod/201202201010.xml
2012/04/19 17:07:44 [error] [tamaprocessincominginvoicefile] [201202201010.xml][LIBXML][1830] Element 'fiscalAddress', attribute 'zipCode': [facet 'length'] The value '8406' has a length of '4'; this differs from the allowed length of '5'.

2012/04/19 17:07:44 [error] [tamaprocessincominginvoicefile] [201202201010.xml][LIBXML][1824] Element 'fiscalAddress', attribute 'zipCode': '8406' is not a valid value of the local atomic type.

2012/04/19 17:07:58 [info] [tamaprocessincominginvoicefile] Processing file /Volumes/Macintosh HD/Users/jorgemariani/Documents/Office Projects/Tama/samples/prod/201202201010.xml
2012/04/19 17:17:02 [info] [tamaprocessincominginvoicefile] Processing file /Volumes/Macintosh HD/Users/jorgemariani/Documents/Office Projects/Tama/samples/prod/201202201010.xml
2012/04/19 17:17:02 [error] [tamaprocessincominginvoicefile] [201202201010.xml][LIBXML][1839] Element 'customer', attribute 'email': [facet 'pattern'] The value '' is not accepted by the pattern '[A-Za-z0-9_]+([-+.'][A-Za-z0-9_]+)*@[A-Za-z0-9_]+([-.][A-Za-z0-9_]+)*\.[A-Za-z0-9_]+([-.][A-Za-z0-9_]+)*'.

2012/04/19 17:17:02 [error] [tamaprocessincominginvoicefile] [201202201010.xml][LIBXML][1824] Element 'customer', attribute 'email': '' is not a valid value of the atomic type 'email'.

2012/04/19 17:18:15 [info] [tamaprocessincominginvoicefile] Processing file /Volumes/Macintosh HD/Users/jorgemariani/Documents/Office Projects/Tama/samples/prod/201202201010.xml
2012/04/19 17:18:43 [info] [tamaprocessincominginvoicefile] Processing file /Volumes/Macintosh HD/Users/jorgemariani/Documents/Office Projects/Tama/samples/prod/201202201010.xml
2012/04/19 17:18:43 [error] [tamaprocessincominginvoicefile] [201202201010.xml][LIBXML][1826] Element 'customer', attribute 'email': '@gpo_reyes@hotmail.com' is not a valid value of the union type 'email-or-empty'.

2012/04/19 17:18:59 [info] [tamaprocessincominginvoicefile] Processing file /Volumes/Macintosh HD/Users/jorgemariani/Documents/Office Projects/Tama/samples/prod/201202201010.xml
2012/04/19 17:33:15 [info] [tamaprocessincominginvoicefile] Processing file /Volumes/Macintosh HD/Users/jorgemariani/Documents/Office Projects/Tama/samples/prod/201202201010.xml
2012/04/19 17:33:30 [info] [tamaprocessincominginvoicefile] Processing file /Volumes/Macintosh HD/Users/jorgemariani/Documents/Office Projects/Tama/samples/prod/201202201010.xml
2012/04/19 17:41:33 [info] [tamaprocessincominginvoicefile] Processing file /Volumes/Macintosh HD/Users/jorgemariani/Documents/Office Projects/Tama/samples/prod/201202201010.xml
2012/04/19 17:41:33 [error] [tamaprocessincominginvoicefile] [201202201010.xml][LIBXML][1839] Element 'vendor', attribute 'rfc': [facet 'pattern'] The value 'TME1109123EX' is not accepted by the pattern '[A-Z,Ñ,&]{3,4}[0-9]{2}[0-1][0-9][0-3][0-9][A-Z,0-9]?[A-Z,0-9]?[0-9,A]?'.

2012/04/19 17:41:33 [error] [tamaprocessincominginvoicefile] [201202201010.xml][LIBXML][1824] Element 'vendor', attribute 'rfc': 'TME1109123EX' is not a valid value of the atomic type 'rfc'.

2012/04/19 17:42:24 [info] [tamaprocessincominginvoicefile] Processing file /Volumes/Macintosh HD/Users/jorgemariani/Documents/Office Projects/Tama/samples/prod/201202201010.xml
2012/04/19 17:42:24 [error] [tamaprocessincominginvoicefile] [201202201010.xml][LIBXML][23] EntityRef: expecting ';'

2012/04/19 17:57:26 [info] [tamaprocessincominginvoicefile] Processing file /Volumes/Macintosh HD/Users/jorgemariani/Documents/Office Projects/Tama/samples/prod/201202201010.xml
2012/04/19 17:57:52 [info] [tamaprocessincominginvoicefile] Processing file /Volumes/Macintosh HD/Users/jorgemariani/Documents/Office Projects/Tama/samples/prod/201202201010.xml
2012/04/19 17:58:39 [info] [tamaprocessincominginvoicefile] Processing file /Volumes/Macintosh HD/Users/jorgemariani/Documents/Office Projects/Tama/samples/prod/201202201010.xml
2012/04/19 18:06:25 [info] [tamaprocessincominginvoicefile] Processing file /Volumes/Macintosh HD/Users/jorgemariani/Documents/Office Projects/Tama/samples/prod/201202201010.xml
2012/04/19 18:06:25 [error] [tamaprocessincominginvoicefile] [201202201010.xml][LIBXML][1839] Element 'shipToCustomer', attribute 'rfc': [facet 'pattern'] The value '' is not accepted by the pattern '[A-Z,Ñ,&]{3,4}[0-9]{2}[0-1][0-9][0-3][0-9][A-Z,0-9]?[A-Z,0-9]?[0-9,A]?'.

2012/04/19 18:06:25 [error] [tamaprocessincominginvoicefile] [201202201010.xml][LIBXML][1824] Element 'shipToCustomer', attribute 'rfc': '' is not a valid value of the atomic type 'rfc'.

2012/04/19 18:07:18 [info] [tamaprocessincominginvoicefile] Processing file /Volumes/Macintosh HD/Users/jorgemariani/Documents/Office Projects/Tama/samples/prod/201202201010.xml
2012/04/19 18:09:23 [info] [tamaprocessincominginvoicefile] Processing file /Volumes/Macintosh HD/Users/jorgemariani/Documents/Office Projects/Tama/samples/prod/201202201010.xml
2012/04/21 13:59:36 [info] [tamaprocessincominginvoicefile] Processing file /Volumes/Macintosh HD/Users/jorgemariani/Documents/Office Projects/Tama/samples/prod/201202201010.xml
